{
  "RSpec": {
    "coverage": {
      "/home/michael/Dius/Projects/***REMOVED***/***REMOVED***/spec/rails_helper.rb": [
        null,
        1,
        1,
        null,
        1,
        1,
        1,
        null,
        null,
        null,
        null,
        null,
        null,
        null,
        null,
        null,
        null,
        null,
        null,
        null,
        null,
        null,
        null,
        null,
        null,
        null,
        1,
        null,
        1,
        null,
        1,
        null,
        null,
        null,
        null,
        1,
        null,
        null,
        null,
        null,
        null,
        null,
        null,
        null,
        null,
        null,
        null,
        null,
        null,
        null,
        1,
        null,
        null,
        1,
        null,
        null,
        null
      ],
      "/home/michael/Dius/Projects/***REMOVED***/***REMOVED***/config/environment.rb": [
        null,
        1,
        null,
        null,
        1
      ],
      "/home/michael/Dius/Projects/***REMOVED***/***REMOVED***/config/application.rb": [
        1,
        null,
        1,
        null,
        null,
        null,
        1,
        null,
        1,
        1,
        null,
        null,
        null,
        null,
        null
      ],
      "/home/michael/Dius/Projects/***REMOVED***/***REMOVED***/config/boot.rb": [
        1,
        null,
        1
      ],
      "/home/michael/Dius/Projects/***REMOVED***/***REMOVED***/config/spring.rb": [
        null,
        null,
        null,
        null,
        null,
        5
      ],
      "/home/michael/Dius/Projects/***REMOVED***/***REMOVED***/config/environments/test.rb": [
        1,
        null,
        null,
        null,
        null,
        null,
        null,
        1,
        null,
        null,
        null,
        null,
        1,
        null,
        null,
        1,
        1,
        null,
        null,
        null,
        null,
        1,
        1,
        null,
        null,
        1,
        null,
        null,
        1,
        1,
        null,
        null,
        null,
        null,
        1,
        null,
        null,
        1,
        null,
        null,
        null,
        null
      ],
      "/home/michael/Dius/Projects/***REMOVED***/***REMOVED***/config/initializers/application_controller_renderer.rb": [
        null,
        null,
        null,
        null,
        null,
        null
      ],
      "/home/michael/Dius/Projects/***REMOVED***/***REMOVED***/config/initializers/assets.rb": [
        null,
        null,
        null,
        1,
        null,
        null,
        null,
        null,
        null,
        null,
        null
      ],
      "/home/michael/Dius/Projects/***REMOVED***/***REMOVED***/config/initializers/backtrace_silencers.rb": [
        null,
        null,
        null,
        null,
        null,
        null,
        null
      ],
      "/home/michael/Dius/Projects/***REMOVED***/***REMOVED***/config/initializers/cookies_serializer.rb": [
        null,
        null,
        null,
        null,
        1
      ],
      "/home/michael/Dius/Projects/***REMOVED***/***REMOVED***/config/initializers/filter_parameter_logging.rb": [
        null,
        null,
        null,
        1
      ],
      "/home/michael/Dius/Projects/***REMOVED***/***REMOVED***/config/initializers/inflections.rb": [
        null,
        null,
        null,
        null,
        null,
        null,
        null,
        null,
        null,
        null,
        null,
        null,
        null,
        null,
        null,
        null
      ],
      "/home/michael/Dius/Projects/***REMOVED***/***REMOVED***/config/initializers/mime_types.rb": [
        null,
        null,
        null,
        null
      ],
      "/home/michael/Dius/Projects/***REMOVED***/***REMOVED***/config/initializers/new_framework_defaults.rb": [
        null,
        null,
        null,
        null,
        null,
        null,
        null,
        1,
        null,
        null,
        1,
        null,
        null,
        null,
        1,
        null,
        null,
        1,
        null,
        null,
        1,
        null,
        null,
        1
      ],
      "/home/michael/Dius/Projects/***REMOVED***/***REMOVED***/config/initializers/session_store.rb": [
        null,
        null,
        1
      ],
      "/home/michael/Dius/Projects/***REMOVED***/***REMOVED***/config/initializers/wrap_parameters.rb": [
        null,
        null,
        null,
        null,
        null,
        null,
        1,
        2,
        null,
        null,
        null,
        null,
        null,
        null
      ],
      "/home/michael/Dius/Projects/***REMOVED***/***REMOVED***/app/helpers/application_helper.rb": [
        1,
        null
      ],
      "/home/michael/Dius/Projects/***REMOVED***/***REMOVED***/app/helpers/cards_helper.rb": [
        1,
        null
      ],
      "/home/michael/Dius/Projects/***REMOVED***/***REMOVED***/config/routes.rb": [
        1,
        null,
        1,
        null,
        1,
        null,
        null
      ],
      "/home/michael/Dius/Projects/***REMOVED***/***REMOVED***/spec/controller/cards_controller_spec.rb": [
        1,
        1,
        null,
        1,
        1,
        2,
        2,
        2,
        2,
        2,
        null,
        null,
        1,
        1,
        1,
        1,
        1,
        1,
        null,
        null,
        null,
        1,
        1,
        1,
        1,
        1,
        1,
        null,
        null,
        null
      ],
      "/home/michael/Dius/Projects/***REMOVED***/***REMOVED***/app/controllers/cards_controller.rb": [
        1,
        1,
        2,
        null,
        null
      ],
      "/home/michael/Dius/Projects/***REMOVED***/***REMOVED***/app/controllers/application_controller.rb": [
        1,
        1,
        null
      ],
      "/home/michael/Dius/Projects/***REMOVED***/***REMOVED***/spec/model/action_spec.rb": [
        1,
        1,
        null,
        1,
        1,
        2,
        2,
        2,
        2,
        null,
        null,
        1,
        1,
        1,
        1,
        null,
        null,
        1,
        null,
        null,
        1,
        1,
        1,
        1,
        null,
        null,
        1,
        null,
        null,
        null
      ],
      "/home/michael/Dius/Projects/***REMOVED***/***REMOVED***/app/models/action.rb": [
        1,
        1,
        1,
        1,
        null,
        1,
        78,
        null,
        78,
        4,
        null,
        null,
        78,
        30,
        null,
        null,
        null,
        null,
        78,
        4,
        null,
        null,
        null,
        null,
        78,
        44,
        null,
        null,
        null,
        null,
        78,
        null,
        null
      ],
      "/home/michael/Dius/Projects/***REMOVED***/***REMOVED***/spec/model/board_spec.rb": [
        1,
        1,
        null,
        1,
        1,
        2,
        2,
        2,
        2,
        null,
        null,
        1,
        1,
        1,
        1,
        null,
        null,
        1,
        1,
        1,
        1,
        1,
        1,
        1,
        null,
        null
      ],
      "/home/michael/Dius/Projects/***REMOVED***/***REMOVED***/app/models/board.rb": [
        1,
        1,
        1,
        1,
        null,
        null,
        null
      ],
      "/home/michael/Dius/Projects/***REMOVED***/***REMOVED***/spec/model/card_spec.rb": [
        1,
        1,
        1,
        null,
        1,
        1,
        1,
        4,
        4,
        4,
        4,
        4,
        4,
        4,
        4,
        4,
        4,
        4,
        4,
        4,
        4,
        4,
        4,
        4,
        null,
        null,
        1,
        1,
        null,
        null,
        1,
        1,
        null,
        null,
        1,
        1,
        null,
        null,
        1,
        1,
        null,
        null,
        null,
        1,
        1,
        1,
        1,
        1,
        1,
        1,
        1,
        1,
        1,
        1,
        1,
        1,
        1,
        null,
        1,
        1,
        1,
        1,
        1,
        1,
        1,
        null,
        null,
        1,
        1,
        1,
        null,
        null,
        null,
        1,
        1,
        1,
        1,
        1,
        1,
        1,
        1,
        1,
        1,
        1,
        1,
        1,
        1,
        1,
        1,
        1,
        1,
        1,
        1,
        1,
        1,
        1,
        1,
        1,
        1,
        1,
        null,
        null,
        1,
        1,
        1,
        null,
        null,
        null
      ],
      "/home/michael/Dius/Projects/***REMOVED***/***REMOVED***/app/models/card.rb": [
        1,
        null,
        1,
        1,
        1,
        1,
        1,
        1,
        1,
        1,
        1,
        null,
        1,
        35,
        35,
        35,
        78,
        35,
        35,
        35,
        35,
        32,
        null,
        35,
        4,
        null,
        null,
        null,
        null,
        1,
        91,
        35,
        null,
        null,
        1,
        35,
        12,
        null,
        35,
        null,
        null,
        1,
        1,
        41,
        35,
        null,
        null,
        1,
        35,
        32,
        null,
        null,
        null,
        null,
        null,
        1,
        35,
        4,
        null,
        null,
        null,
        null,
        null
      ],
      "/home/michael/Dius/Projects/***REMOVED***/***REMOVED***/spec/model/list_spec.rb": [
        1,
        1,
        null,
        1,
        1,
        1,
        1,
        null,
        null,
        1,
        1,
        1,
        1,
        null,
        null
      ],
      "/home/michael/Dius/Projects/***REMOVED***/***REMOVED***/app/models/list.rb": [
        1,
        1,
        1,
        null,
        1,
        32,
        32,
        null,
        null
      ],
      "/home/michael/Dius/Projects/***REMOVED***/***REMOVED***/spec/model/member_spec.rb": [
        1,
        1,
        null,
        1,
        1,
        2,
        2,
        null,
        null,
        1,
        1,
        null,
        null,
        1,
        1,
        1,
        null,
        null
      ],
      "/home/michael/Dius/Projects/***REMOVED***/***REMOVED***/app/models/member.rb": [
        1,
        1,
        null,
        null,
        null
      ],
      "/home/michael/Dius/Projects/***REMOVED***/***REMOVED***/spec/services/card_service_spec.rb": [
        1,
        1,
        1,
        null,
        1,
        1,
        10,
        10,
        null,
        10,
        10,
        10,
        null,
        10,
        10,
        10,
        null,
        10,
        10,
        10,
        10,
        10,
        10,
        null,
        10,
        10,
        null,
        null,
        1,
        1,
        3,
        3,
        3,
        3,
        3,
        3,
        null,
        null,
        1,
        1,
        1,
        1,
        null,
        null,
        1,
        1,
        1,
        1,
        null,
        null,
        1,
        1,
        1,
        1,
        1,
        null,
        null,
        null,
        1,
        1,
        1,
        1,
        1,
        1,
        1,
        1,
        null,
        null,
        1,
        1,
        1,
        1,
        null,
        null,
        null,
        1,
        1,
        1,
        1,
        1,
        1,
        1,
        1,
        null,
        null,
        1,
        1,
        1,
        1,
        null,
        null,
        null,
        1,
        1,
        3,
        3,
        3,
        3,
        3,
        3,
        3,
        null,
        null,
        1,
        1,
        1,
        1,
        1,
        null,
        null,
        1,
        1,
        1,
        1,
        1,
        null,
        null,
        1,
        1,
        1,
        1,
        1,
        null,
        null,
        null,
        1,
        1,
        1,
        1,
        1,
        1,
        1,
        1,
        1,
        null,
        null,
        1,
        1,
        1,
        1,
        1,
        null,
        null,
        null,
        1,
        1,
        1,
        1,
        1,
        null,
        null,
        1,
        1,
        1,
        null,
        null,
        null
      ],
      "/home/michael/Dius/Projects/***REMOVED***/***REMOVED***/app/services/card_service.rb": [
        1,
        null,
        1,
        1,
        12,
        12,
        12,
        null,
        12,
        12,
        25,
        null,
        null,
        1,
        12,
        null,
        null
      ],
      "/home/michael/Dius/Projects/***REMOVED***/***REMOVED***/spec/view/card_view_spec.rb": [
        1,
        1,
        null,
        1,
        1,
        1,
        1,
        null,
        null,
        1,
        1,
        1,
        1,
        1,
        null,
        null,
        1,
        3,
        3,
        3,
        3,
        3,
        3,
        3,
        3,
        3,
        3,
        3,
        3,
        3,
        3,
        3,
        null,
        null,
        null,
        null,
        1,
        1,
        1,
        1,
        1,
        1,
        1,
        1,
        null,
        null
      ]
    },
    "timestamp": 1473142344
  }
}
